/home/18ab106/anaconda3/envs/env2/bin/python
2022-09-09 15:40:38.658049: I tensorflow/stream_executor/platform/default/dso_loader.cc:49] Successfully opened dynamic library libcudart.so.10.1
2022-09-09 15:40:40.925902: I tensorflow/compiler/jit/xla_cpu_device.cc:41] Not creating XLA devices, tf_xla_enable_xla_devices not set
2022-09-09 15:40:40.927053: I tensorflow/stream_executor/platform/default/dso_loader.cc:49] Successfully opened dynamic library libcuda.so.1
2022-09-09 15:40:41.047311: I tensorflow/core/common_runtime/gpu/gpu_device.cc:1720] Found device 0 with properties: 
pciBusID: 0000:1a:00.0 name: Quadro RTX 8000 computeCapability: 7.5
coreClock: 1.62GHz coreCount: 72 deviceMemorySize: 44.49GiB deviceMemoryBandwidth: 581.23GiB/s
2022-09-09 15:40:41.048792: I tensorflow/core/common_runtime/gpu/gpu_device.cc:1720] Found device 1 with properties: 
pciBusID: 0000:1b:00.0 name: Quadro RTX 8000 computeCapability: 7.5
coreClock: 1.62GHz coreCount: 72 deviceMemorySize: 44.49GiB deviceMemoryBandwidth: 581.23GiB/s
2022-09-09 15:40:41.050498: I tensorflow/core/common_runtime/gpu/gpu_device.cc:1720] Found device 2 with properties: 
pciBusID: 0000:3d:00.0 name: Quadro RTX 8000 computeCapability: 7.5
coreClock: 1.62GHz coreCount: 72 deviceMemorySize: 44.49GiB deviceMemoryBandwidth: 581.23GiB/s
2022-09-09 15:40:41.052177: I tensorflow/core/common_runtime/gpu/gpu_device.cc:1720] Found device 3 with properties: 
pciBusID: 0000:3e:00.0 name: Quadro RTX 8000 computeCapability: 7.5
coreClock: 1.62GHz coreCount: 72 deviceMemorySize: 44.49GiB deviceMemoryBandwidth: 581.23GiB/s
2022-09-09 15:40:41.053792: I tensorflow/core/common_runtime/gpu/gpu_device.cc:1720] Found device 4 with properties: 
pciBusID: 0000:8b:00.0 name: Quadro RTX 8000 computeCapability: 7.5
coreClock: 1.62GHz coreCount: 72 deviceMemorySize: 44.49GiB deviceMemoryBandwidth: 581.23GiB/s
2022-09-09 15:40:41.055330: I tensorflow/core/common_runtime/gpu/gpu_device.cc:1720] Found device 5 with properties: 
pciBusID: 0000:8c:00.0 name: Quadro RTX 8000 computeCapability: 7.5
coreClock: 1.62GHz coreCount: 72 deviceMemorySize: 44.49GiB deviceMemoryBandwidth: 581.23GiB/s
2022-09-09 15:40:41.056920: I tensorflow/core/common_runtime/gpu/gpu_device.cc:1720] Found device 6 with properties: 
pciBusID: 0000:b5:00.0 name: Quadro RTX 8000 computeCapability: 7.5
coreClock: 1.62GHz coreCount: 72 deviceMemorySize: 44.49GiB deviceMemoryBandwidth: 581.23GiB/s
2022-09-09 15:40:41.058527: I tensorflow/core/common_runtime/gpu/gpu_device.cc:1720] Found device 7 with properties: 
pciBusID: 0000:b6:00.0 name: Quadro RTX 8000 computeCapability: 7.5
coreClock: 1.62GHz coreCount: 72 deviceMemorySize: 44.49GiB deviceMemoryBandwidth: 581.23GiB/s
2022-09-09 15:40:41.058546: I tensorflow/stream_executor/platform/default/dso_loader.cc:49] Successfully opened dynamic library libcudart.so.10.1
2022-09-09 15:40:41.061147: I tensorflow/stream_executor/platform/default/dso_loader.cc:49] Successfully opened dynamic library libcublas.so.10
2022-09-09 15:40:41.061197: I tensorflow/stream_executor/platform/default/dso_loader.cc:49] Successfully opened dynamic library libcublasLt.so.10
2022-09-09 15:40:41.063291: I tensorflow/stream_executor/platform/default/dso_loader.cc:49] Successfully opened dynamic library libcufft.so.10
2022-09-09 15:40:41.063951: I tensorflow/stream_executor/platform/default/dso_loader.cc:49] Successfully opened dynamic library libcurand.so.10
2022-09-09 15:40:41.065998: I tensorflow/stream_executor/platform/default/dso_loader.cc:49] Successfully opened dynamic library libcusolver.so.10
2022-09-09 15:40:41.067346: I tensorflow/stream_executor/platform/default/dso_loader.cc:49] Successfully opened dynamic library libcusparse.so.10
2022-09-09 15:40:41.071347: I tensorflow/stream_executor/platform/default/dso_loader.cc:49] Successfully opened dynamic library libcudnn.so.7
2022-09-09 15:40:41.096502: I tensorflow/core/common_runtime/gpu/gpu_device.cc:1862] Adding visible gpu devices: 0, 1, 2, 3, 4, 5, 6, 7
2022-09-09 15:40:41.096834: I tensorflow/core/platform/cpu_feature_guard.cc:142] This TensorFlow binary is optimized with oneAPI Deep Neural Network Library (oneDNN) to use the following CPU instructions in performance-critical operations:  SSE4.1 SSE4.2 AVX AVX2 AVX512F FMA
To enable them in other operations, rebuild TensorFlow with the appropriate compiler flags.
2022-09-09 15:40:41.096979: I tensorflow/compiler/jit/xla_gpu_device.cc:99] Not creating XLA devices, tf_xla_enable_xla_devices not set
2022-09-09 15:40:41.098560: I tensorflow/core/common_runtime/gpu/gpu_device.cc:1720] Found device 0 with properties: 
pciBusID: 0000:8c:00.0 name: Quadro RTX 8000 computeCapability: 7.5
coreClock: 1.62GHz coreCount: 72 deviceMemorySize: 44.49GiB deviceMemoryBandwidth: 581.23GiB/s
2022-09-09 15:40:41.098578: I tensorflow/stream_executor/platform/default/dso_loader.cc:49] Successfully opened dynamic library libcudart.so.10.1
2022-09-09 15:40:41.098597: I tensorflow/stream_executor/platform/default/dso_loader.cc:49] Successfully opened dynamic library libcublas.so.10
2022-09-09 15:40:41.098604: I tensorflow/stream_executor/platform/default/dso_loader.cc:49] Successfully opened dynamic library libcublasLt.so.10
2022-09-09 15:40:41.098611: I tensorflow/stream_executor/platform/default/dso_loader.cc:49] Successfully opened dynamic library libcufft.so.10
2022-09-09 15:40:41.098617: I tensorflow/stream_executor/platform/default/dso_loader.cc:49] Successfully opened dynamic library libcurand.so.10
2022-09-09 15:40:41.098624: I tensorflow/stream_executor/platform/default/dso_loader.cc:49] Successfully opened dynamic library libcusolver.so.10
2022-09-09 15:40:41.098631: I tensorflow/stream_executor/platform/default/dso_loader.cc:49] Successfully opened dynamic library libcusparse.so.10
2022-09-09 15:40:41.098637: I tensorflow/stream_executor/platform/default/dso_loader.cc:49] Successfully opened dynamic library libcudnn.so.7
2022-09-09 15:40:41.101756: I tensorflow/core/common_runtime/gpu/gpu_device.cc:1862] Adding visible gpu devices: 5
2022-09-09 15:40:41.101784: I tensorflow/stream_executor/platform/default/dso_loader.cc:49] Successfully opened dynamic library libcudart.so.10.1
2022-09-09 15:40:41.869770: I tensorflow/core/common_runtime/gpu/gpu_device.cc:1261] Device interconnect StreamExecutor with strength 1 edge matrix:
2022-09-09 15:40:41.869817: I tensorflow/core/common_runtime/gpu/gpu_device.cc:1267]      5 
2022-09-09 15:40:41.869823: I tensorflow/core/common_runtime/gpu/gpu_device.cc:1280] 5:   N 
2022-09-09 15:40:41.875148: I tensorflow/core/common_runtime/gpu/gpu_device.cc:1406] Created TensorFlow device (/job:localhost/replica:0/task:0/device:GPU:0 with 36117 MB memory) -> physical GPU (device: 5, name: Quadro RTX 8000, pci bus id: 0000:8c:00.0, compute capability: 7.5)
8 Physical GPUs, 1 Logical GPUs
/home/18ab106/anaconda3/envs/env2/lib/python3.8/site-packages/tensorflow/python/keras/backend.py:434: UserWarning: `tf.keras.backend.set_learning_phase` is deprecated and will be removed after 2020-10-11. To update it, simply pass a True/False value to the `training` argument of the `__call__` method of your layer or model.
  warnings.warn('`tf.keras.backend.set_learning_phase` is deprecated and '
/home/18ab106/anaconda3/envs/env2/bin/python
Visible devices cannot be modified after being initialized
2.4.0
2.4.0
--------------------------------------------------------------------------
Training for Type FF, combination ecg_gze
--------------------------------------------------------------------------

Model files saved in:  /home/18ab106/pfiles/clare/Data_files/experiment_20220909-154043
Tensorboard files for model saved in:  /home/18ab106/pfiles/clare/Data_files/experiment_20220909-154043/t_b
Model report files saved in :  /home/18ab106/pfiles/clare/Data_files/experiment_20220909-154043/reports
Model weights saved in :  /home/18ab106/pfiles/clare/Data_files/experiment_20220909-154043/model_weights
2022-09-09 15:40:43.863694: I tensorflow/core/profiler/lib/profiler_session.cc:136] Profiler session initializing.
2022-09-09 15:40:43.863739: I tensorflow/core/profiler/lib/profiler_session.cc:155] Profiler session started.
2022-09-09 15:40:43.863799: I tensorflow/core/profiler/internal/gpu/cupti_tracer.cc:1365] Profiler found 8 GPUs
2022-09-09 15:40:43.866226: I tensorflow/stream_executor/platform/default/dso_loader.cc:49] Successfully opened dynamic library libcupti.so.10.1
2022-09-09 15:40:43.966803: E tensorflow/core/profiler/internal/gpu/cupti_tracer.cc:1415] function cupti_interface_->Subscribe( &subscriber_, (CUpti_CallbackFunc)ApiCallback, this)failed with error CUPTI_ERROR_INSUFFICIENT_PRIVILEGES
2022-09-09 15:40:43.966893: I tensorflow/core/profiler/lib/profiler_session.cc:172] Profiler session tear down.
(None, 2560, 1)
(None, 2560, 2)
Testing on 1105
2022-09-09 15:40:46.192801: I tensorflow/compiler/mlir/mlir_graph_optimization_pass.cc:116] None of the MLIR optimization passes are enabled (registered 2)
2022-09-09 15:40:46.211133: I tensorflow/core/platform/profile_utils/cpu_utils.cc:112] CPU Frequency: 2300000000 Hz
Epoch 1/300
2022-09-09 15:40:47.728640: I tensorflow/stream_executor/platform/default/dso_loader.cc:49] Successfully opened dynamic library libcublas.so.10
2022-09-09 15:40:48.162816: I tensorflow/stream_executor/platform/default/dso_loader.cc:49] Successfully opened dynamic library libcudnn.so.7
2022-09-09 15:40:50.265431: I tensorflow/core/profiler/lib/profiler_session.cc:136] Profiler session initializing.
2022-09-09 15:40:50.265465: I tensorflow/core/profiler/lib/profiler_session.cc:155] Profiler session started.
2022-09-09 15:40:50.267082: E tensorflow/core/profiler/internal/gpu/cupti_tracer.cc:1415] function cupti_interface_->Subscribe( &subscriber_, (CUpti_CallbackFunc)ApiCallback, this)failed with error CUPTI_ERROR_INSUFFICIENT_PRIVILEGES
2022-09-09 15:40:50.349979: I tensorflow/core/profiler/lib/profiler_session.cc:71] Profiler session collecting data.
2022-09-09 15:40:50.353274: I tensorflow/core/profiler/internal/gpu/cupti_collector.cc:228]  GpuTracer has collected 0 callback api events and 0 activity events. 
2022-09-09 15:40:50.365818: I tensorflow/core/profiler/lib/profiler_session.cc:172] Profiler session tear down.
2022-09-09 15:40:50.378061: I tensorflow/core/profiler/rpc/client/save_profile.cc:137] Creating directory: /home/18ab106/pfiles/clare/Data_files/experiment_20220909-154043/t_b/20220909-154043/train/plugins/profile/2022_09_09_15_40_50
2022-09-09 15:40:50.380921: I tensorflow/core/profiler/rpc/client/save_profile.cc:143] Dumped gzipped tool data for trace.json.gz to /home/18ab106/pfiles/clare/Data_files/experiment_20220909-154043/t_b/20220909-154043/train/plugins/profile/2022_09_09_15_40_50/sasquatch.trace.json.gz
2022-09-09 15:40:50.403666: I tensorflow/core/profiler/rpc/client/save_profile.cc:137] Creating directory: /home/18ab106/pfiles/clare/Data_files/experiment_20220909-154043/t_b/20220909-154043/train/plugins/profile/2022_09_09_15_40_50
2022-09-09 15:40:50.411064: I tensorflow/core/profiler/rpc/client/save_profile.cc:143] Dumped gzipped tool data for memory_profile.json.gz to /home/18ab106/pfiles/clare/Data_files/experiment_20220909-154043/t_b/20220909-154043/train/plugins/profile/2022_09_09_15_40_50/sasquatch.memory_profile.json.gz
2022-09-09 15:40:50.430748: I tensorflow/core/profiler/rpc/client/capture_profile.cc:251] Creating directory: /home/18ab106/pfiles/clare/Data_files/experiment_20220909-154043/t_b/20220909-154043/train/plugins/profile/2022_09_09_15_40_50Dumped tool data for xplane.pb to /home/18ab106/pfiles/clare/Data_files/experiment_20220909-154043/t_b/20220909-154043/train/plugins/profile/2022_09_09_15_40_50/sasquatch.xplane.pb
Dumped tool data for overview_page.pb to /home/18ab106/pfiles/clare/Data_files/experiment_20220909-154043/t_b/20220909-154043/train/plugins/profile/2022_09_09_15_40_50/sasquatch.overview_page.pb
Dumped tool data for input_pipeline.pb to /home/18ab106/pfiles/clare/Data_files/experiment_20220909-154043/t_b/20220909-154043/train/plugins/profile/2022_09_09_15_40_50/sasquatch.input_pipeline.pb
Dumped tool data for tensorflow_stats.pb to /home/18ab106/pfiles/clare/Data_files/experiment_20220909-154043/t_b/20220909-154043/train/plugins/profile/2022_09_09_15_40_50/sasquatch.tensorflow_stats.pb
Dumped tool data for kernel_stats.pb to /home/18ab106/pfiles/clare/Data_files/experiment_20220909-154043/t_b/20220909-154043/train/plugins/profile/2022_09_09_15_40_50/sasquatch.kernel_stats.pb

24/24 - 8s - loss: 3.0257 - acc: 0.4903 - f1_score: 0.4732 - val_loss: 3.0240 - val_acc: 0.4854 - val_f1_score: 0.4793
Epoch 2/300
24/24 - 3s - loss: 3.0255 - acc: 0.4913 - f1_score: 0.4759 - val_loss: 3.0239 - val_acc: 0.4828 - val_f1_score: 0.4769
Epoch 3/300
24/24 - 3s - loss: 3.0253 - acc: 0.4921 - f1_score: 0.4774 - val_loss: 3.0237 - val_acc: 0.4828 - val_f1_score: 0.4780
Epoch 4/300
24/24 - 3s - loss: 3.0251 - acc: 0.4944 - f1_score: 0.4813 - val_loss: 3.0236 - val_acc: 0.4828 - val_f1_score: 0.4790
Epoch 5/300
24/24 - 3s - loss: 3.0249 - acc: 0.4956 - f1_score: 0.4829 - val_loss: 3.0234 - val_acc: 0.4828 - val_f1_score: 0.4795
Epoch 6/300
24/24 - 3s - loss: 3.0247 - acc: 0.4977 - f1_score: 0.4880 - val_loss: 3.0233 - val_acc: 0.4854 - val_f1_score: 0.4823
Epoch 7/300
24/24 - 3s - loss: 3.0245 - acc: 0.4985 - f1_score: 0.4891 - val_loss: 3.0231 - val_acc: 0.4854 - val_f1_score: 0.4823
Epoch 8/300
24/24 - 3s - loss: 3.0242 - acc: 0.4995 - f1_score: 0.4908 - val_loss: 3.0230 - val_acc: 0.4907 - val_f1_score: 0.4881
Epoch 9/300
24/24 - 3s - loss: 3.0240 - acc: 0.4997 - f1_score: 0.4910 - val_loss: 3.0228 - val_acc: 0.4801 - val_f1_score: 0.4782
Epoch 10/300
24/24 - 3s - loss: 3.0238 - acc: 0.5020 - f1_score: 0.4946 - val_loss: 3.0227 - val_acc: 0.4854 - val_f1_score: 0.4838
Epoch 11/300
24/24 - 3s - loss: 3.0236 - acc: 0.5015 - f1_score: 0.4947 - val_loss: 3.0225 - val_acc: 0.4828 - val_f1_score: 0.4813
Epoch 12/300
24/24 - 3s - loss: 3.0234 - acc: 0.5023 - f1_score: 0.4963 - val_loss: 3.0224 - val_acc: 0.4828 - val_f1_score: 0.4816
Epoch 13/300
24/24 - 3s - loss: 3.0232 - acc: 0.5028 - f1_score: 0.4961 - val_loss: 3.0222 - val_acc: 0.4828 - val_f1_score: 0.4816
Epoch 14/300
24/24 - 3s - loss: 3.0231 - acc: 0.5041 - f1_score: 0.4992 - val_loss: 3.0221 - val_acc: 0.4854 - val_f1_score: 0.4841
Epoch 15/300
24/24 - 3s - loss: 3.0229 - acc: 0.5039 - f1_score: 0.4984 - val_loss: 3.0220 - val_acc: 0.4828 - val_f1_score: 0.4818
Epoch 16/300
24/24 - 3s - loss: 3.0227 - acc: 0.5056 - f1_score: 0.5009 - val_loss: 3.0218 - val_acc: 0.4828 - val_f1_score: 0.4818
Epoch 17/300
24/24 - 3s - loss: 3.0225 - acc: 0.5067 - f1_score: 0.5024 - val_loss: 3.0217 - val_acc: 0.4801 - val_f1_score: 0.4793
Epoch 18/300
24/24 - 3s - loss: 3.0223 - acc: 0.5056 - f1_score: 0.5018 - val_loss: 3.0215 - val_acc: 0.4801 - val_f1_score: 0.4790
Epoch 19/300
24/24 - 3s - loss: 3.0221 - acc: 0.5066 - f1_score: 0.5028 - val_loss: 3.0214 - val_acc: 0.4801 - val_f1_score: 0.4790
Epoch 20/300
24/24 - 3s - loss: 3.0219 - acc: 0.5066 - f1_score: 0.5028 - val_loss: 3.0212 - val_acc: 0.4828 - val_f1_score: 0.4816
Epoch 21/300
24/24 - 3s - loss: 3.0217 - acc: 0.5069 - f1_score: 0.5035 - val_loss: 3.0211 - val_acc: 0.4828 - val_f1_score: 0.4816
Epoch 22/300
24/24 - 3s - loss: 3.0215 - acc: 0.5104 - f1_score: 0.5066 - val_loss: 3.0209 - val_acc: 0.4828 - val_f1_score: 0.4818
Epoch 23/300
24/24 - 3s - loss: 3.0213 - acc: 0.5117 - f1_score: 0.5087 - val_loss: 3.0208 - val_acc: 0.4828 - val_f1_score: 0.4818
Epoch 24/300
24/24 - 3s - loss: 3.0212 - acc: 0.5118 - f1_score: 0.5090 - val_loss: 3.0206 - val_acc: 0.4854 - val_f1_score: 0.4846
Epoch 25/300
24/24 - 3s - loss: 3.0210 - acc: 0.5125 - f1_score: 0.5097 - val_loss: 3.0205 - val_acc: 0.4881 - val_f1_score: 0.4875
Epoch 26/300
24/24 - 3s - loss: 3.0208 - acc: 0.5161 - f1_score: 0.5144 - val_loss: 3.0203 - val_acc: 0.4907 - val_f1_score: 0.4901
Epoch 27/300
24/24 - 3s - loss: 3.0206 - acc: 0.5161 - f1_score: 0.5142 - val_loss: 3.0202 - val_acc: 0.4854 - val_f1_score: 0.4848
Epoch 28/300
24/24 - 3s - loss: 3.0204 - acc: 0.5179 - f1_score: 0.5159 - val_loss: 3.0200 - val_acc: 0.4907 - val_f1_score: 0.4903
Epoch 29/300
24/24 - 3s - loss: 3.0202 - acc: 0.5176 - f1_score: 0.5162 - val_loss: 3.0199 - val_acc: 0.4828 - val_f1_score: 0.4824
Epoch 30/300
24/24 - 3s - loss: 3.0200 - acc: 0.5207 - f1_score: 0.5187 - val_loss: 3.0197 - val_acc: 0.4881 - val_f1_score: 0.4878
Epoch 31/300
24/24 - 3s - loss: 3.0199 - acc: 0.5199 - f1_score: 0.5186 - val_loss: 3.0196 - val_acc: 0.4881 - val_f1_score: 0.4877
Epoch 32/300
24/24 - 3s - loss: 3.0197 - acc: 0.5227 - f1_score: 0.5213 - val_loss: 3.0194 - val_acc: 0.4881 - val_f1_score: 0.4877
Epoch 33/300
24/24 - 3s - loss: 3.0195 - acc: 0.5237 - f1_score: 0.5221 - val_loss: 3.0193 - val_acc: 0.4907 - val_f1_score: 0.4904
Epoch 34/300
24/24 - 3s - loss: 3.0193 - acc: 0.5256 - f1_score: 0.5245 - val_loss: 3.0191 - val_acc: 0.4934 - val_f1_score: 0.4931
Epoch 35/300
24/24 - 3s - loss: 3.0191 - acc: 0.5261 - f1_score: 0.5250 - val_loss: 3.0190 - val_acc: 0.4960 - val_f1_score: 0.4958
Epoch 36/300
24/24 - 3s - loss: 3.0189 - acc: 0.5266 - f1_score: 0.5256 - val_loss: 3.0188 - val_acc: 0.5013 - val_f1_score: 0.5012
Epoch 37/300
24/24 - 3s - loss: 3.0188 - acc: 0.5255 - f1_score: 0.5247 - val_loss: 3.0187 - val_acc: 0.5013 - val_f1_score: 0.5012
Epoch 38/300
24/24 - 3s - loss: 3.0186 - acc: 0.5279 - f1_score: 0.5272 - val_loss: 3.0185 - val_acc: 0.4987 - val_f1_score: 0.4985
Epoch 39/300
24/24 - 3s - loss: 3.0184 - acc: 0.5261 - f1_score: 0.5255 - val_loss: 3.0184 - val_acc: 0.4987 - val_f1_score: 0.4985
Epoch 40/300
24/24 - 3s - loss: 3.0182 - acc: 0.5296 - f1_score: 0.5287 - val_loss: 3.0182 - val_acc: 0.4987 - val_f1_score: 0.4985
Epoch 41/300
24/24 - 3s - loss: 3.0180 - acc: 0.5311 - f1_score: 0.5303 - val_loss: 3.0181 - val_acc: 0.4987 - val_f1_score: 0.4985
Epoch 42/300
24/24 - 3s - loss: 3.0179 - acc: 0.5312 - f1_score: 0.5307 - val_loss: 3.0179 - val_acc: 0.4987 - val_f1_score: 0.4985
Epoch 43/300
24/24 - 3s - loss: 3.0177 - acc: 0.5317 - f1_score: 0.5312 - val_loss: 3.0178 - val_acc: 0.4987 - val_f1_score: 0.4985
Epoch 44/300
24/24 - 3s - loss: 3.0175 - acc: 0.5298 - f1_score: 0.5293 - val_loss: 3.0177 - val_acc: 0.5013 - val_f1_score: 0.5012
Epoch 45/300
24/24 - 3s - loss: 3.0173 - acc: 0.5314 - f1_score: 0.5309 - val_loss: 3.0175 - val_acc: 0.5093 - val_f1_score: 0.5092
Epoch 46/300
24/24 - 3s - loss: 3.0171 - acc: 0.5304 - f1_score: 0.5301 - val_loss: 3.0174 - val_acc: 0.5119 - val_f1_score: 0.5119
Epoch 47/300
24/24 - 3s - loss: 3.0170 - acc: 0.5325 - f1_score: 0.5319 - val_loss: 3.0172 - val_acc: 0.5146 - val_f1_score: 0.5145
Epoch 48/300
24/24 - 3s - loss: 3.0168 - acc: 0.5340 - f1_score: 0.5335 - val_loss: 3.0171 - val_acc: 0.5146 - val_f1_score: 0.5145
Epoch 49/300
24/24 - 3s - loss: 3.0166 - acc: 0.5342 - f1_score: 0.5339 - val_loss: 3.0169 - val_acc: 0.5146 - val_f1_score: 0.5145
Epoch 50/300
24/24 - 3s - loss: 3.0164 - acc: 0.5350 - f1_score: 0.5345 - val_loss: 3.0168 - val_acc: 0.5119 - val_f1_score: 0.5119
Epoch 51/300
24/24 - 3s - loss: 3.0163 - acc: 0.5355 - f1_score: 0.5350 - val_loss: 3.0167 - val_acc: 0.5119 - val_f1_score: 0.5119
Epoch 52/300
24/24 - 3s - loss: 3.0161 - acc: 0.5362 - f1_score: 0.5360 - val_loss: 3.0165 - val_acc: 0.5146 - val_f1_score: 0.5145
Epoch 53/300
24/24 - 3s - loss: 3.0159 - acc: 0.5371 - f1_score: 0.5370 - val_loss: 3.0164 - val_acc: 0.5172 - val_f1_score: 0.5172
Epoch 54/300
24/24 - 3s - loss: 3.0157 - acc: 0.5373 - f1_score: 0.5370 - val_loss: 3.0162 - val_acc: 0.5199 - val_f1_score: 0.5198
Epoch 55/300
24/24 - 3s - loss: 3.0156 - acc: 0.5391 - f1_score: 0.5388 - val_loss: 3.0161 - val_acc: 0.5225 - val_f1_score: 0.5225
Epoch 56/300
24/24 - 3s - loss: 3.0154 - acc: 0.5401 - f1_score: 0.5399 - val_loss: 3.0160 - val_acc: 0.5225 - val_f1_score: 0.5225
Epoch 57/300
24/24 - 3s - loss: 3.0152 - acc: 0.5394 - f1_score: 0.5394 - val_loss: 3.0158 - val_acc: 0.5225 - val_f1_score: 0.5225
Epoch 58/300
24/24 - 3s - loss: 3.0150 - acc: 0.5401 - f1_score: 0.5400 - val_loss: 3.0157 - val_acc: 0.5252 - val_f1_score: 0.5252
Epoch 59/300
24/24 - 3s - loss: 3.0149 - acc: 0.5404 - f1_score: 0.5403 - val_loss: 3.0156 - val_acc: 0.5252 - val_f1_score: 0.5252
Epoch 60/300
